E:\0JHX\VSC_C\PROJECT\DEBUG\PROJECT.EXE
E:\0JHX\VSC_C\PROJECT\DEBUG\PROJECT.ILK
E:\0JHX\VSC_C\PROJECT\DEBUG\PROJECT.PDB
E:\0JHX\vsc_c\project\project\Debug\cl.command.1.tlog
E:\0JHX\vsc_c\project\project\Debug\CL.read.1.tlog
E:\0JHX\vsc_c\project\project\Debug\CL.write.1.tlog
E:\0JHX\VSC_C\PROJECT\PROJECT\DEBUG\DISPLAY.OBJ
E:\0JHX\VSC_C\PROJECT\PROJECT\DEBUG\FILEFLF.OBJ
E:\0JHX\vsc_c\project\project\Debug\link.9720.read.1.tlog
E:\0JHX\vsc_c\project\project\Debug\link.9720.write.1.tlog
E:\0JHX\vsc_c\project\project\Debug\link.9720-cvtres.read.1.tlog
E:\0JHX\vsc_c\project\project\Debug\link.9720-cvtres.write.1.tlog
E:\0JHX\vsc_c\project\project\Debug\link.command.1.tlog
E:\0JHX\vsc_c\project\project\Debug\link.read.1.tlog
E:\0JHX\vsc_c\project\project\Debug\link.write.1.tlog
E:\0JHX\vsc_c\project\project\Debug\link-cvtres.read.1.tlog
E:\0JHX\vsc_c\project\project\Debug\link-cvtres.write.1.tlog
E:\0JHX\VSC_C\PROJECT\PROJECT\DEBUG\LOADFONTS.OBJ
E:\0JHX\VSC_C\PROJECT\PROJECT\DEBUG\MAIN.OBJ
E:\0JHX\vsc_c\project\project\Debug\mt.command.1.tlog
E:\0JHX\vsc_c\project\project\Debug\mt.read.1.tlog
E:\0JHX\vsc_c\project\project\Debug\mt.write.1.tlog
E:\0JHX\VSC_C\PROJECT\PROJECT\DEBUG\PARSE.OBJ
E:\0JHX\VSC_C\PROJECT\PROJECT\DEBUG\PROJECT.EXE.EMBED.MANIFEST
E:\0JHX\VSC_C\PROJECT\PROJECT\DEBUG\PROJECT.EXE.EMBED.MANIFEST.RES
E:\0JHX\VSC_C\PROJECT\PROJECT\DEBUG\PROJECT.EXE.INTERMEDIATE.MANIFEST
E:\0JHX\vsc_c\project\project\Debug\project.write.1.tlog
E:\0JHX\vsc_c\project\project\Debug\project_manifest.rc
E:\0JHX\vsc_c\project\project\Debug\rc.command.1.tlog
E:\0JHX\vsc_c\project\project\Debug\rc.read.1.tlog
E:\0JHX\vsc_c\project\project\Debug\rc.write.1.tlog
E:\0JHX\vsc_c\project\project\Debug\vc100.idb
E:\0JHX\VSC_C\PROJECT\PROJECT\DEBUG\VC100.PDB
